<?xml version="1.0" encoding="UTF-8"?>
<!-- Generated by org.testng.reporters.JUnitReportReporter -->
<testsuite skipped="0" hostname="DESKTOP-6K8Q28J" name="MyTestCases.VerifyLoginPage" tests="2" failures="0" timestamp="2022-09-27T14:27:04 IST" time="139.977" errors="0">
  <testcase name="loginVerification" time="20.515" classname="MyTestCases.VerifyLoginPage"/>
  <system-out/>
  <testcase name="loginVerification" time="119.462" classname="MyTestCases.VerifyLoginPage"/>
  <system-out/>
</testsuite> <!-- MyTestCases.VerifyLoginPage -->
