<?xml version="1.0" encoding="UTF-8"?>
<!-- Generated by org.testng.reporters.JUnitReportReporter -->
<testsuite skipped="0" hostname="DESKTOP-6K8Q28J" name="MyTestCases.VerifySignUpPageTestCase" tests="1" failures="0" timestamp="2022-09-27T10:45:06 IST" time="138.657" errors="0">
  <testcase name="signUP" time="138.657" classname="MyTestCases.VerifySignUpPageTestCase"/>
  <system-out/>
</testsuite> <!-- MyTestCases.VerifySignUpPageTestCase -->
